<?xml version="1.0" encoding="utf-8"?><testsuites><testsuite name="pytest" errors="0" failures="0" skipped="0" tests="0" time="0.007" timestamp="2025-07-22T14:18:27.172300" hostname="thanhs-Mac-mini.local" /></testsuites>