<?xml version="1.0" encoding="utf-8"?><testsuites><testsuite name="pytest" errors="0" failures="0" skipped="0" tests="1" time="37.086" timestamp="2025-07-22T14:07:06.587569" hostname="thanhs-Mac-mini.local"><testcase classname="tests.selenium.test_chat_widget.TestChatWidget" name="test_widget_button_visibility" time="37.072" /></testsuite></testsuites>