<?xml version="1.0" encoding="utf-8"?><testsuites><testsuite name="pytest" errors="0" failures="0" skipped="0" tests="0" time="0.006" timestamp="2025-07-22T14:19:15.825214" hostname="thanhs-Mac-mini.local" /></testsuites>